<?xml version="1.0" encoding="UTF-8"?>
<testng-results skipped="0" failed="0" ignored="0" total="2" passed="2">
  <reporter-output>
  </reporter-output>
  <suite name="Suite" duration-ms="4573" started-at="2020-09-13T18:55:37 EDT" finished-at="2020-09-13T18:55:42 EDT">
    <groups>
    </groups>
    <test name="Test" duration-ms="4573" started-at="2020-09-13T18:55:37 EDT" finished-at="2020-09-13T18:55:42 EDT">
      <class name="RunTest.OpenBrowser">
        <test-method status="PASS" signature="Test2()[pri:0, instance:RunTest.OpenBrowser@58c1670b]" name="Test2" duration-ms="4541" started-at="2020-09-13T18:55:37 EDT" finished-at="2020-09-13T18:55:42 EDT">
          <reporter-output>
          </reporter-output>
        </test-method> <!-- Test2 -->
      </class> <!-- RunTest.OpenBrowser -->
      <class name="RunTest.OpenBrowser2">
        <test-method status="PASS" signature="Test2()[pri:0, instance:RunTest.OpenBrowser2@6b57696f]" name="Test2" duration-ms="4472" started-at="2020-09-13T18:55:37 EDT" finished-at="2020-09-13T18:55:42 EDT">
          <reporter-output>
          </reporter-output>
        </test-method> <!-- Test2 -->
      </class> <!-- RunTest.OpenBrowser2 -->
    </test> <!-- Test -->
  </suite> <!-- Suite -->
</testng-results>
