<?xml version="1.0" encoding="UTF-8"?>
<testng-results skipped="0" failed="0" ignored="0" total="2" passed="2">
  <reporter-output>
  </reporter-output>
  <suite name="Suite2" duration-ms="7921" started-at="2020-09-13T20:24:46 EDT" finished-at="2020-09-13T20:24:54 EDT">
    <groups>
    </groups>
    <test name="Test2" duration-ms="7921" started-at="2020-09-13T20:24:46 EDT" finished-at="2020-09-13T20:24:54 EDT">
      <class name="RunTest.OpenBrowser">
        <test-method status="PASS" signature="Test2()[pri:0, instance:RunTest.OpenBrowser@58c1670b]" name="Test2" duration-ms="4273" started-at="2020-09-13T20:24:46 EDT" finished-at="2020-09-13T20:24:50 EDT">
          <reporter-output>
          </reporter-output>
        </test-method> <!-- Test2 -->
      </class> <!-- RunTest.OpenBrowser -->
      <class name="RunTest.OpenBrowser2">
        <test-method status="PASS" signature="Test3()[pri:0, instance:RunTest.OpenBrowser2@6b57696f]" name="Test3" duration-ms="3618" started-at="2020-09-13T20:24:50 EDT" finished-at="2020-09-13T20:24:54 EDT">
          <reporter-output>
          </reporter-output>
        </test-method> <!-- Test3 -->
      </class> <!-- RunTest.OpenBrowser2 -->
    </test> <!-- Test2 -->
  </suite> <!-- Suite2 -->
</testng-results>
